{"/Users/mac/Desktop/fueleu-maritime-backend /src/core/application/use-cases/banking/applyBank.ts": {"path":"/Users/mac/Desktop/fueleu-maritime-backend /src/core/application/use-cases/banking/applyBank.ts","statementMap":{"0":{"start":{"line":4,"column":25},"end":{"line":33,"column":1}},"1":{"start":{"line":11,"column":20},"end":{"line":11,"column":65}},"2":{"start":{"line":13,"column":2},"end":{"line":15,"column":3}},"3":{"start":{"line":14,"column":4},"end":{"line":14,"column":48}},"4":{"start":{"line":17,"column":20},"end":{"line":17,"column":63}},"5":{"start":{"line":19,"column":2},"end":{"line":21,"column":3}},"6":{"start":{"line":20,"column":4},"end":{"line":20,"column":51}},"7":{"start":{"line":23,"column":20},"end":{"line":23,"column":38}},"8":{"start":{"line":25,"column":2},"end":{"line":25,"column":53}},"9":{"start":{"line":26,"column":2},"end":{"line":26,"column":46}},"10":{"start":{"line":28,"column":2},"end":{"line":32,"column":4}},"11":{"start":{"line":4,"column":13},"end":{"line":4,"column":25}}},"fnMap":{"0":{"name":"(anonymous_0)","decl":{"start":{"line":4,"column":25},"end":{"line":4,"column":30}},"loc":{"start":{"line":10,"column":4},"end":{"line":33,"column":1}}}},"branchMap":{"0":{"loc":{"start":{"line":13,"column":2},"end":{"line":15,"column":3}},"type":"if","locations":[{"start":{"line":13,"column":2},"end":{"line":15,"column":3}},{"start":{},"end":{}}]},"1":{"loc":{"start":{"line":19,"column":2},"end":{"line":21,"column":3}},"type":"if","locations":[{"start":{"line":19,"column":2},"end":{"line":21,"column":3}},{"start":{},"end":{}}]}},"s":{"0":1,"1":6,"2":6,"3":1,"4":5,"5":5,"6":1,"7":4,"8":4,"9":4,"10":4,"11":1},"f":{"0":6},"b":{"0":[1,5],"1":[1,4]}}
,"/Users/mac/Desktop/fueleu-maritime-backend /src/core/application/use-cases/banking/bankSurplus.ts": {"path":"/Users/mac/Desktop/fueleu-maritime-backend /src/core/application/use-cases/banking/bankSurplus.ts","statementMap":{"0":{"start":{"line":4,"column":27},"end":{"line":21,"column":1}},"1":{"start":{"line":10,"column":13},"end":{"line":10,"column":58}},"2":{"start":{"line":12,"column":2},"end":{"line":14,"column":3}},"3":{"start":{"line":13,"column":4},"end":{"line":13,"column":54}},"4":{"start":{"line":16,"column":2},"end":{"line":16,"column":40}},"5":{"start":{"line":18,"column":2},"end":{"line":20,"column":4}},"6":{"start":{"line":4,"column":13},"end":{"line":4,"column":27}}},"fnMap":{"0":{"name":"(anonymous_0)","decl":{"start":{"line":4,"column":27},"end":{"line":4,"column":32}},"loc":{"start":{"line":9,"column":4},"end":{"line":21,"column":1}}}},"branchMap":{"0":{"loc":{"start":{"line":12,"column":2},"end":{"line":14,"column":3}},"type":"if","locations":[{"start":{"line":12,"column":2},"end":{"line":14,"column":3}},{"start":{},"end":{}}]}},"s":{"0":1,"1":4,"2":4,"3":2,"4":2,"5":2,"6":1},"f":{"0":4},"b":{"0":[2,2]}}
,"/Users/mac/Desktop/fueleu-maritime-backend /src/core/application/use-cases/banking/getBankRecords.ts": {"path":"/Users/mac/Desktop/fueleu-maritime-backend /src/core/application/use-cases/banking/getBankRecords.ts","statementMap":{"0":{"start":{"line":3,"column":30},"end":{"line":15,"column":1}},"1":{"start":{"line":8,"column":22},"end":{"line":8,"column":65}},"2":{"start":{"line":10,"column":2},"end":{"line":14,"column":4}},"3":{"start":{"line":3,"column":13},"end":{"line":3,"column":30}}},"fnMap":{"0":{"name":"(anonymous_0)","decl":{"start":{"line":3,"column":30},"end":{"line":3,"column":35}},"loc":{"start":{"line":7,"column":4},"end":{"line":15,"column":1}}}},"branchMap":{},"s":{"0":1,"1":4,"2":4,"3":1},"f":{"0":4},"b":{}}
,"/Users/mac/Desktop/fueleu-maritime-backend /src/core/application/use-cases/compliance/computeCB.ts": {"path":"/Users/mac/Desktop/fueleu-maritime-backend /src/core/application/use-cases/compliance/computeCB.ts","statementMap":{"0":{"start":{"line":3,"column":0},"end":{"line":3,"column":90}},"1":{"start":{"line":5,"column":25},"end":{"line":22,"column":1}},"2":{"start":{"line":11,"column":16},"end":{"line":11,"column":63}},"3":{"start":{"line":13,"column":2},"end":{"line":15,"column":3}},"4":{"start":{"line":14,"column":4},"end":{"line":14,"column":39}},"5":{"start":{"line":17,"column":13},"end":{"line":17,"column":44}},"6":{"start":{"line":19,"column":2},"end":{"line":19,"column":46}},"7":{"start":{"line":21,"column":2},"end":{"line":21,"column":12}},"8":{"start":{"line":5,"column":13},"end":{"line":5,"column":25}}},"fnMap":{"0":{"name":"(anonymous_0)","decl":{"start":{"line":5,"column":25},"end":{"line":5,"column":30}},"loc":{"start":{"line":10,"column":4},"end":{"line":22,"column":1}}}},"branchMap":{"0":{"loc":{"start":{"line":13,"column":2},"end":{"line":15,"column":3}},"type":"if","locations":[{"start":{"line":13,"column":2},"end":{"line":15,"column":3}},{"start":{},"end":{}}]}},"s":{"0":1,"1":1,"2":3,"3":3,"4":1,"5":2,"6":2,"7":2,"8":1},"f":{"0":3},"b":{"0":[1,2]}}
,"/Users/mac/Desktop/fueleu-maritime-backend /src/core/application/use-cases/compliance/getAdjustedCB.ts": {"path":"/Users/mac/Desktop/fueleu-maritime-backend /src/core/application/use-cases/compliance/getAdjustedCB.ts","statementMap":{"0":{"start":{"line":4,"column":29},"end":{"line":18,"column":1}},"1":{"start":{"line":10,"column":13},"end":{"line":10,"column":58}},"2":{"start":{"line":12,"column":17},"end":{"line":12,"column":60}},"3":{"start":{"line":14,"column":2},"end":{"line":17,"column":4}},"4":{"start":{"line":4,"column":13},"end":{"line":4,"column":29}}},"fnMap":{"0":{"name":"(anonymous_0)","decl":{"start":{"line":4,"column":29},"end":{"line":4,"column":34}},"loc":{"start":{"line":9,"column":4},"end":{"line":18,"column":1}}}},"branchMap":{},"s":{"0":1,"1":4,"2":4,"3":4,"4":1},"f":{"0":4},"b":{}}
,"/Users/mac/Desktop/fueleu-maritime-backend /src/core/application/use-cases/pooling/createPool.ts": {"path":"/Users/mac/Desktop/fueleu-maritime-backend /src/core/application/use-cases/pooling/createPool.ts","statementMap":{"0":{"start":{"line":2,"column":0},"end":{"line":2,"column":null}},"1":{"start":{"line":8,"column":26},"end":{"line":50,"column":1}},"2":{"start":{"line":13,"column":2},"end":{"line":13,"column":27}},"3":{"start":{"line":15,"column":17},"end":{"line":16,"column":null}},"4":{"start":{"line":16,"column":14},"end":{"line":16,"column":37}},"5":{"start":{"line":19,"column":10},"end":{"line":19,"column":11}},"6":{"start":{"line":20,"column":10},"end":{"line":20,"column":27}},"7":{"start":{"line":22,"column":2},"end":{"line":45,"column":3}},"8":{"start":{"line":23,"column":20},"end":{"line":23,"column":29}},"9":{"start":{"line":24,"column":20},"end":{"line":24,"column":29}},"10":{"start":{"line":26,"column":4},"end":{"line":26,"column":37}},"11":{"start":{"line":26,"column":31},"end":{"line":26,"column":37}},"12":{"start":{"line":27,"column":4},"end":{"line":27,"column":37}},"13":{"start":{"line":27,"column":31},"end":{"line":27,"column":37}},"14":{"start":{"line":29,"column":21},"end":{"line":31,"column":null}},"15":{"start":{"line":34,"column":4},"end":{"line":34,"column":50}},"16":{"start":{"line":35,"column":4},"end":{"line":35,"column":50}},"17":{"start":{"line":37,"column":4},"end":{"line":37,"column":38}},"18":{"start":{"line":38,"column":4},"end":{"line":38,"column":38}},"19":{"start":{"line":42,"column":4},"end":{"line":42,"column":34}},"20":{"start":{"line":42,"column":30},"end":{"line":42,"column":34}},"21":{"start":{"line":44,"column":4},"end":{"line":44,"column":34}},"22":{"start":{"line":44,"column":30},"end":{"line":44,"column":34}},"23":{"start":{"line":47,"column":2},"end":{"line":47,"column":30}},"24":{"start":{"line":49,"column":2},"end":{"line":49,"column":16}},"25":{"start":{"line":8,"column":13},"end":{"line":8,"column":26}}},"fnMap":{"0":{"name":"(anonymous_0)","decl":{"start":{"line":8,"column":26},"end":{"line":8,"column":31}},"loc":{"start":{"line":11,"column":4},"end":{"line":50,"column":1}}},"1":{"name":"(anonymous_1)","decl":{"start":{"line":16,"column":4},"end":{"line":16,"column":5}},"loc":{"start":{"line":16,"column":14},"end":{"line":16,"column":37}}}},"branchMap":{"0":{"loc":{"start":{"line":26,"column":4},"end":{"line":26,"column":37}},"type":"if","locations":[{"start":{"line":26,"column":4},"end":{"line":26,"column":37}},{"start":{},"end":{}}]},"1":{"loc":{"start":{"line":27,"column":4},"end":{"line":27,"column":37}},"type":"if","locations":[{"start":{"line":27,"column":4},"end":{"line":27,"column":37}},{"start":{},"end":{}}]},"2":{"loc":{"start":{"line":42,"column":4},"end":{"line":42,"column":34}},"type":"if","locations":[{"start":{"line":42,"column":4},"end":{"line":42,"column":34}},{"start":{},"end":{}}]},"3":{"loc":{"start":{"line":44,"column":4},"end":{"line":44,"column":34}},"type":"if","locations":[{"start":{"line":44,"column":4},"end":{"line":44,"column":34}},{"start":{},"end":{}}]}},"s":{"0":1,"1":1,"2":10,"3":9,"4":16,"5":9,"6":9,"7":9,"8":14,"9":14,"10":14,"11":0,"12":14,"13":4,"14":10,"15":10,"16":10,"17":10,"18":10,"19":10,"20":1,"21":10,"22":10,"23":9,"24":9,"25":1},"f":{"0":10,"1":16},"b":{"0":[0,14],"1":[4,10],"2":[1,9],"3":[10,0]}}
,"/Users/mac/Desktop/fueleu-maritime-backend /src/core/domain/services/computeComparison.ts": {"path":"/Users/mac/Desktop/fueleu-maritime-backend /src/core/domain/services/computeComparison.ts","statementMap":{"0":{"start":{"line":2,"column":0},"end":{"line":2,"column":68}},"1":{"start":{"line":4,"column":33},"end":{"line":28,"column":1}},"2":{"start":{"line":9,"column":2},"end":{"line":11,"column":3}},"3":{"start":{"line":10,"column":4},"end":{"line":10,"column":73}},"4":{"start":{"line":13,"column":2},"end":{"line":15,"column":3}},"5":{"start":{"line":14,"column":4},"end":{"line":14,"column":50}},"6":{"start":{"line":18,"column":4},"end":{"line":18,"column":65}},"7":{"start":{"line":20,"column":2},"end":{"line":27,"column":4}},"8":{"start":{"line":4,"column":13},"end":{"line":4,"column":33}}},"fnMap":{"0":{"name":"(anonymous_0)","decl":{"start":{"line":4,"column":33},"end":{"line":4,"column":null}},"loc":{"start":{"line":7,"column":4},"end":{"line":28,"column":1}}}},"branchMap":{"0":{"loc":{"start":{"line":9,"column":2},"end":{"line":11,"column":3}},"type":"if","locations":[{"start":{"line":9,"column":2},"end":{"line":11,"column":3}},{"start":{},"end":{}}]},"1":{"loc":{"start":{"line":13,"column":2},"end":{"line":15,"column":3}},"type":"if","locations":[{"start":{"line":13,"column":2},"end":{"line":15,"column":3}},{"start":{},"end":{}}]}},"s":{"0":2,"1":2,"2":14,"3":1,"4":13,"5":2,"6":11,"7":11,"8":2},"f":{"0":14},"b":{"0":[1,13],"1":[2,11]}}
,"/Users/mac/Desktop/fueleu-maritime-backend /src/core/domain/services/computeComplianceBalance.ts": {"path":"/Users/mac/Desktop/fueleu-maritime-backend /src/core/domain/services/computeComplianceBalance.ts","statementMap":{"0":{"start":{"line":2,"column":0},"end":{"line":2,"column":68}},"1":{"start":{"line":3,"column":0},"end":{"line":3,"column":67}},"2":{"start":{"line":5,"column":40},"end":{"line":18,"column":1}},"3":{"start":{"line":9,"column":2},"end":{"line":11,"column":3}},"4":{"start":{"line":10,"column":4},"end":{"line":10,"column":63}},"5":{"start":{"line":13,"column":17},"end":{"line":13,"column":54}},"6":{"start":{"line":15,"column":13},"end":{"line":15,"column":61}},"7":{"start":{"line":17,"column":2},"end":{"line":17,"column":31}},"8":{"start":{"line":5,"column":13},"end":{"line":5,"column":40}}},"fnMap":{"0":{"name":"(anonymous_0)","decl":{"start":{"line":5,"column":40},"end":{"line":5,"column":null}},"loc":{"start":{"line":7,"column":12},"end":{"line":18,"column":1}}}},"branchMap":{"0":{"loc":{"start":{"line":9,"column":2},"end":{"line":11,"column":3}},"type":"if","locations":[{"start":{"line":9,"column":2},"end":{"line":11,"column":3}},{"start":{},"end":{}}]}},"s":{"0":3,"1":3,"2":3,"3":21,"4":2,"5":19,"6":19,"7":19,"8":3},"f":{"0":21},"b":{"0":[2,19]}}
,"/Users/mac/Desktop/fueleu-maritime-backend /src/core/domain/services/validatePoolRules.ts": {"path":"/Users/mac/Desktop/fueleu-maritime-backend /src/core/domain/services/validatePoolRules.ts","statementMap":{"0":{"start":{"line":3,"column":31},"end":{"line":17,"column":1}},"1":{"start":{"line":7,"column":16},"end":{"line":9,"column":null}},"2":{"start":{"line":8,"column":21},"end":{"line":8,"column":42}},"3":{"start":{"line":12,"column":2},"end":{"line":14,"column":3}},"4":{"start":{"line":13,"column":4},"end":{"line":13,"column":50}},"5":{"start":{"line":16,"column":2},"end":{"line":16,"column":15}},"6":{"start":{"line":3,"column":13},"end":{"line":3,"column":31}},"7":{"start":{"line":19,"column":40},"end":{"line":41,"column":1}},"8":{"start":{"line":24,"column":2},"end":{"line":26,"column":3}},"9":{"start":{"line":25,"column":4},"end":{"line":25,"column":80}},"10":{"start":{"line":29,"column":2},"end":{"line":33,"column":3}},"11":{"start":{"line":30,"column":4},"end":{"line":32,"column":6}},"12":{"start":{"line":36,"column":2},"end":{"line":40,"column":3}},"13":{"start":{"line":37,"column":4},"end":{"line":39,"column":6}},"14":{"start":{"line":19,"column":13},"end":{"line":19,"column":40}}},"fnMap":{"0":{"name":"(anonymous_0)","decl":{"start":{"line":3,"column":31},"end":{"line":3,"column":null}},"loc":{"start":{"line":5,"column":12},"end":{"line":17,"column":1}}},"1":{"name":"(anonymous_1)","decl":{"start":{"line":8,"column":4},"end":{"line":8,"column":5}},"loc":{"start":{"line":8,"column":21},"end":{"line":8,"column":42}}},"2":{"name":"(anonymous_2)","decl":{"start":{"line":19,"column":40},"end":{"line":19,"column":null}},"loc":{"start":{"line":21,"column":10},"end":{"line":41,"column":1}}}},"branchMap":{"0":{"loc":{"start":{"line":12,"column":2},"end":{"line":14,"column":3}},"type":"if","locations":[{"start":{"line":12,"column":2},"end":{"line":14,"column":3}},{"start":{},"end":{}}]},"1":{"loc":{"start":{"line":24,"column":2},"end":{"line":26,"column":3}},"type":"if","locations":[{"start":{"line":24,"column":2},"end":{"line":26,"column":3}},{"start":{},"end":{}}]},"2":{"loc":{"start":{"line":29,"column":2},"end":{"line":33,"column":3}},"type":"if","locations":[{"start":{"line":29,"column":2},"end":{"line":33,"column":3}},{"start":{},"end":{}}]},"3":{"loc":{"start":{"line":29,"column":6},"end":{"line":29,"column":61}},"type":"binary-expr","locations":[{"start":{"line":29,"column":6},"end":{"line":29,"column":25}},{"start":{"line":29,"column":29},"end":{"line":29,"column":61}}]},"4":{"loc":{"start":{"line":36,"column":2},"end":{"line":40,"column":3}},"type":"if","locations":[{"start":{"line":36,"column":2},"end":{"line":40,"column":3}},{"start":{},"end":{}}]},"5":{"loc":{"start":{"line":36,"column":6},"end":{"line":36,"column":47}},"type":"binary-expr","locations":[{"start":{"line":36,"column":6},"end":{"line":36,"column":25}},{"start":{"line":36,"column":29},"end":{"line":36,"column":47}}]}},"s":{"0":3,"1":23,"2":148,"3":23,"4":5,"5":18,"6":3,"7":3,"8":34,"9":1,"10":33,"11":0,"12":33,"13":2,"14":3},"f":{"0":23,"1":148,"2":34},"b":{"0":[5,18],"1":[1,33],"2":[0,33],"3":[33,16],"4":[2,31],"5":[33,17]}}
,"/Users/mac/Desktop/fueleu-maritime-backend /src/shared/constants/energy.constants.ts": {"path":"/Users/mac/Desktop/fueleu-maritime-backend /src/shared/constants/energy.constants.ts","statementMap":{"0":{"start":{"line":1,"column":13},"end":{"line":1,"column":35}}},"fnMap":{},"branchMap":{},"s":{"0":3},"f":{},"b":{}}
,"/Users/mac/Desktop/fueleu-maritime-backend /src/shared/constants/fuel.constants.ts": {"path":"/Users/mac/Desktop/fueleu-maritime-backend /src/shared/constants/fuel.constants.ts","statementMap":{"0":{"start":{"line":1,"column":13},"end":{"line":1,"column":40}}},"fnMap":{},"branchMap":{},"s":{"0":4},"f":{},"b":{}}
}
