TN:
SF:src/core/application/use-cases/banking/applyBank.ts
FN:4,(anonymous_0)
FNF:1
FNH:1
FNDA:6,(anonymous_0)
DA:4,1
DA:11,6
DA:13,6
DA:14,1
DA:17,5
DA:19,5
DA:20,1
DA:23,4
DA:25,4
DA:26,4
DA:28,4
LF:11
LH:11
BRDA:13,0,0,1
BRDA:13,0,1,5
BRDA:19,1,0,1
BRDA:19,1,1,4
BRF:4
BRH:4
end_of_record
TN:
SF:src/core/application/use-cases/banking/bankSurplus.ts
FN:4,(anonymous_0)
FNF:1
FNH:1
FNDA:4,(anonymous_0)
DA:4,1
DA:10,4
DA:12,4
DA:13,2
DA:16,2
DA:18,2
LF:6
LH:6
BRDA:12,0,0,2
BRDA:12,0,1,2
BRF:2
BRH:2
end_of_record
TN:
SF:src/core/application/use-cases/banking/getBankRecords.ts
FN:3,(anonymous_0)
FNF:1
FNH:1
FNDA:4,(anonymous_0)
DA:3,1
DA:8,4
DA:10,4
LF:3
LH:3
BRF:0
BRH:0
end_of_record
TN:
SF:src/core/application/use-cases/compliance/computeCB.ts
FN:5,(anonymous_0)
FNF:1
FNH:1
FNDA:3,(anonymous_0)
DA:3,1
DA:5,1
DA:11,3
DA:13,3
DA:14,1
DA:17,2
DA:19,2
DA:21,2
LF:8
LH:8
BRDA:13,0,0,1
BRDA:13,0,1,2
BRF:2
BRH:2
end_of_record
TN:
SF:src/core/application/use-cases/compliance/getAdjustedCB.ts
FN:4,(anonymous_0)
FNF:1
FNH:1
FNDA:4,(anonymous_0)
DA:4,1
DA:10,4
DA:12,4
DA:14,4
LF:4
LH:4
BRF:0
BRH:0
end_of_record
TN:
SF:src/core/application/use-cases/pooling/createPool.ts
FN:8,(anonymous_0)
FN:16,(anonymous_1)
FNF:2
FNH:2
FNDA:10,(anonymous_0)
FNDA:16,(anonymous_1)
DA:2,1
DA:8,1
DA:13,10
DA:15,9
DA:16,16
DA:19,9
DA:20,9
DA:22,9
DA:23,14
DA:24,14
DA:26,14
DA:27,14
DA:29,10
DA:34,10
DA:35,10
DA:37,10
DA:38,10
DA:42,10
DA:44,10
DA:47,9
DA:49,9
LF:21
LH:21
BRDA:26,0,0,0
BRDA:26,0,1,14
BRDA:27,1,0,4
BRDA:27,1,1,10
BRDA:42,2,0,1
BRDA:42,2,1,9
BRDA:44,3,0,10
BRDA:44,3,1,0
BRF:8
BRH:6
end_of_record
TN:
SF:src/core/domain/services/computeComparison.ts
FN:4,(anonymous_0)
FNF:1
FNH:1
FNDA:14,(anonymous_0)
DA:2,2
DA:4,2
DA:9,14
DA:10,1
DA:13,13
DA:14,2
DA:18,11
DA:20,11
LF:8
LH:8
BRDA:9,0,0,1
BRDA:9,0,1,13
BRDA:13,1,0,2
BRDA:13,1,1,11
BRF:4
BRH:4
end_of_record
TN:
SF:src/core/domain/services/computeComplianceBalance.ts
FN:5,(anonymous_0)
FNF:1
FNH:1
FNDA:21,(anonymous_0)
DA:2,3
DA:3,3
DA:5,3
DA:9,21
DA:10,2
DA:13,19
DA:15,19
DA:17,19
LF:8
LH:8
BRDA:9,0,0,2
BRDA:9,0,1,19
BRF:2
BRH:2
end_of_record
TN:
SF:src/core/domain/services/validatePoolRules.ts
FN:3,(anonymous_0)
FN:8,(anonymous_1)
FN:19,(anonymous_2)
FNF:3
FNH:3
FNDA:23,(anonymous_0)
FNDA:148,(anonymous_1)
FNDA:34,(anonymous_2)
DA:3,3
DA:7,23
DA:8,148
DA:12,23
DA:13,5
DA:16,18
DA:19,3
DA:24,34
DA:25,1
DA:29,33
DA:30,0
DA:36,33
DA:37,2
LF:13
LH:12
BRDA:12,0,0,5
BRDA:12,0,1,18
BRDA:24,1,0,1
BRDA:24,1,1,33
BRDA:29,2,0,0
BRDA:29,2,1,33
BRDA:29,3,0,33
BRDA:29,3,1,16
BRDA:36,4,0,2
BRDA:36,4,1,31
BRDA:36,5,0,33
BRDA:36,5,1,17
BRF:12
BRH:11
end_of_record
TN:
SF:src/shared/constants/energy.constants.ts
FNF:0
FNH:0
DA:1,3
LF:1
LH:1
BRF:0
BRH:0
end_of_record
TN:
SF:src/shared/constants/fuel.constants.ts
FNF:0
FNH:0
DA:1,4
LF:1
LH:1
BRF:0
BRH:0
end_of_record
